2025-04-05 08:21:50,395 - main - INFO - Starting Kenya News scraping process
2025-04-05 08:21:50,396 - main - INFO - Running citizen scraper
2025-04-05 08:21:50,397 - main - INFO - Starting CitizenScraper
2025-04-05 08:23:11,866 - main - INFO - CitizenScraper completed: failed
2025-04-05 08:23:11,866 - main - INFO - Running daily_nations scraper
2025-04-05 08:23:11,866 - main - INFO - Starting DailyNationsScraper
2025-04-05 08:24:20,186 - main - INFO - DailyNationsScraper completed: failed
2025-04-05 08:24:20,187 - main - INFO - Running standardmedia scraper
2025-04-05 08:24:20,187 - main - INFO - Starting StandardMediaScraper
2025-04-05 08:26:02,320 - main - INFO - StandardMediaScraper completed: failed
2025-04-05 08:26:02,321 - main - INFO - Running star scraper
2025-04-05 08:26:02,322 - main - INFO - Starting StarScraper
2025-04-05 08:27:27,041 - main - INFO - StarScraper completed: failed
2025-04-05 08:27:27,041 - main - INFO - Running tuko scraper
2025-04-05 08:27:27,041 - main - INFO - Starting TukoScraper
2025-04-05 08:32:30,452 - main - INFO - TukoScraper completed: failed
2025-04-05 08:32:30,452 - main - INFO - Scraping process completed
2025-04-05 08:32:30,452 - main - INFO - Summary:
2025-04-05 08:32:30,453 - main - INFO -   citizen: Failed
2025-04-05 08:32:30,453 - main - INFO -   daily_nations: Failed
2025-04-05 08:32:30,453 - main - INFO -   standardmedia: Failed
2025-04-05 08:32:30,454 - main - INFO -   star: Failed
2025-04-05 08:32:30,454 - main - INFO -   tuko: Failed
2025-04-05 08:32:30,454 - main - INFO - Overall status: Partial failure
